#
# There is insufficient memory for the Java Runtime Environment to continue.
# Native memory allocation (mmap) failed to map 61865984 bytes for G1 virtual space
# Possible reasons:
#   The system is out of physical RAM or swap space
#   The process is running with CompressedOops enabled, and the Java Heap may be blocking the growth of the native heap
# Possible solutions:
#   Reduce memory load on the system
#   Increase physical memory or swap space
#   Check if swap backing store is full
#   Decrease Java heap size (-Xmx/-Xms)
#   Decrease number of Java threads
#   Decrease Java thread stack sizes (-Xss)
#   Set larger code cache with -XX:ReservedCodeCacheSize=
#   JVM is running with Unscaled Compressed Oops mode in which the Java heap is
#     placed in the first 4GB address space. The Java Heap base address is the
#     maximum limit for the native heap growth. Please use -XX:HeapBaseMinAddress
#     to set the Java Heap base and to place the Java Heap above 4GB virtual address.
# This output file may be truncated or incomplete.
#
#  Out of Memory Error (os_windows.cpp:3535), pid=9292, tid=13576
#
# JRE version: Java(TM) SE Runtime Environment (17.0.4+11) (build 17.0.4+11-LTS-179)
# Java VM: Java HotSpot(TM) 64-Bit Server VM (17.0.4+11-LTS-179, mixed mode, sharing, tiered, compressed oops, compressed class ptrs, g1 gc, windows-amd64)
# No core dump will be written. Minidumps are not enabled by default on client versions of Windows
#

---------------  S U M M A R Y ------------

Command Line: --add-opens=java.base/java.util=ALL-UNNAMED --add-opens=java.base/java.lang=ALL-UNNAMED --add-opens=java.base/java.lang.invoke=ALL-UNNAMED --add-opens=java.prefs/java.util.prefs=ALL-UNNAMED --add-opens=java.base/java.nio.charset=ALL-UNNAMED --add-opens=java.base/java.net=ALL-UNNAMED --add-opens=java.base/java.util.concurrent.atomic=ALL-UNNAMED -Xmx2048m -Dfile.encoding=UTF-8 -Duser.country=US -Duser.language=en -Duser.variant org.gradle.launcher.daemon.bootstrap.GradleDaemon 8.0

Host: 11th Gen Intel(R) Core(TM) i5-1135G7 @ 2.40GHz, 8 cores, 7G,  Windows 11 , 64 bit Build 22621 (10.0.22621.2506)
Time: Sun Dec  3 00:55:20 2023 Bangladesh Standard Time elapsed time: 4.368340 seconds (0d 0h 0m 4s)

---------------  T H R E A D  ---------------

Current thread (0x00000298ff86e8d0):  VMThread "VM Thread" [stack: 0x000000e28bb00000,0x000000e28bc00000] [id=13576]

Stack: [0x000000e28bb00000,0x000000e28bc00000]
Native frames: (J=compiled Java code, j=interpreted, Vv=VM code, C=native code)
V  [jvm.dll+0x6723da]
V  [jvm.dll+0x7d1f74]
V  [jvm.dll+0x7d371e]
V  [jvm.dll+0x7d3d83]
V  [jvm.dll+0x242ed5]
V  [jvm.dll+0x66f2f9]
V  [jvm.dll+0x663c42]
V  [jvm.dll+0x30103b]
V  [jvm.dll+0x3085d6]
V  [jvm.dll+0x35844e]
V  [jvm.dll+0x35867f]
V  [jvm.dll+0x2d8258]
V  [jvm.dll+0x2d6524]
V  [jvm.dll+0x2d5b2c]
V  [jvm.dll+0x31959b]
V  [jvm.dll+0x7d825b]
V  [jvm.dll+0x7d8f94]
V  [jvm.dll+0x7d94ac]
V  [jvm.dll+0x7d9884]
V  [jvm.dll+0x7d9950]
V  [jvm.dll+0x78201a]
V  [jvm.dll+0x671265]
C  [ucrtbase.dll+0x29363]
C  [KERNEL32.DLL+0x1257d]
C  [ntdll.dll+0x5aa58]

VM_Operation (0x000000e28d3f6950): G1CollectForAllocation, mode: safepoint, requested by thread 0x0000029886338730


---------------  P R O C E S S  ---------------

Threads class SMR info:
_java_thread_list=0x000002988a0ccf10, length=38, elements={
0x00000298e56dbb90, 0x00000298ff872360, 0x00000298ff872f10, 0x00000298ff881000,
0x00000298ff8823d0, 0x00000298ff884f90, 0x00000298ff887a50, 0x00000298ff888730,
0x00000298ff88a1e0, 0x00000298ff897410, 0x00000298ffad3510, 0x00000298ffad59f0,
0x0000029885b0ba10, 0x00000298866f52e0, 0x0000029885d9ff20, 0x0000029886342740,
0x0000029886c79900, 0x0000029886407030, 0x0000029886338730, 0x0000029885e1e480,
0x0000029885e20630, 0x0000029885e21970, 0x0000029885e1dfb0, 0x0000029885e1e950,
0x0000029885e20160, 0x0000029885e20b00, 0x0000029885e1ee20, 0x0000029885e20fd0,
0x0000029885e214a0, 0x0000029885e1f2f0, 0x0000029885e1f7c0, 0x0000029885e1fc90,
0x0000029887f0e210, 0x0000029887f0c530, 0x0000029887f0f080, 0x0000029887f0fa20,
0x0000029887f11700, 0x0000029887f12a40
}

Java Threads: ( => current thread )
  0x00000298e56dbb90 JavaThread "main" [_thread_blocked, id=4052, stack(0x000000e28b500000,0x000000e28b600000)]
  0x00000298ff872360 JavaThread "Reference Handler" daemon [_thread_blocked, id=15084, stack(0x000000e28bc00000,0x000000e28bd00000)]
  0x00000298ff872f10 JavaThread "Finalizer" daemon [_thread_blocked, id=9372, stack(0x000000e28bd00000,0x000000e28be00000)]
  0x00000298ff881000 JavaThread "Signal Dispatcher" daemon [_thread_blocked, id=14444, stack(0x000000e28be00000,0x000000e28bf00000)]
  0x00000298ff8823d0 JavaThread "Attach Listener" daemon [_thread_blocked, id=6020, stack(0x000000e28bf00000,0x000000e28c000000)]
  0x00000298ff884f90 JavaThread "Service Thread" daemon [_thread_blocked, id=13248, stack(0x000000e28c000000,0x000000e28c100000)]
  0x00000298ff887a50 JavaThread "Monitor Deflation Thread" daemon [_thread_blocked, id=14744, stack(0x000000e28c100000,0x000000e28c200000)]
  0x00000298ff888730 JavaThread "C2 CompilerThread0" daemon [_thread_in_native, id=10344, stack(0x000000e28c200000,0x000000e28c300000)]
  0x00000298ff88a1e0 JavaThread "C1 CompilerThread0" daemon [_thread_blocked, id=11628, stack(0x000000e28c300000,0x000000e28c400000)]
  0x00000298ff897410 JavaThread "Sweeper thread" daemon [_thread_blocked, id=5704, stack(0x000000e28c400000,0x000000e28c500000)]
  0x00000298ffad3510 JavaThread "Common-Cleaner" daemon [_thread_blocked, id=3508, stack(0x000000e28c500000,0x000000e28c600000)]
  0x00000298ffad59f0 JavaThread "Notification Thread" daemon [_thread_blocked, id=9556, stack(0x000000e28c600000,0x000000e28c700000)]
  0x0000029885b0ba10 JavaThread "Daemon health stats" [_thread_blocked, id=5912, stack(0x000000e28cd00000,0x000000e28ce00000)]
  0x00000298866f52e0 JavaThread "Incoming local TCP Connector on port 13539" [_thread_in_native, id=10104, stack(0x000000e28ce00000,0x000000e28cf00000)]
  0x0000029885d9ff20 JavaThread "Daemon periodic checks" [_thread_blocked, id=12716, stack(0x000000e28cf00000,0x000000e28d000000)]
  0x0000029886342740 JavaThread "Daemon" [_thread_blocked, id=13236, stack(0x000000e28d000000,0x000000e28d100000)]
  0x0000029886c79900 JavaThread "Handler for socket connection from /127.0.0.1:13539 to /127.0.0.1:13540" [_thread_in_native, id=13696, stack(0x000000e28d100000,0x000000e28d200000)]
  0x0000029886407030 JavaThread "Cancel handler" [_thread_blocked, id=14720, stack(0x000000e28d200000,0x000000e28d300000)]
  0x0000029886338730 JavaThread "Daemon worker" [_thread_blocked, id=11100, stack(0x000000e28d300000,0x000000e28d400000)]
  0x0000029885e1e480 JavaThread "Asynchronous log dispatcher for DefaultDaemonConnection: socket connection from /127.0.0.1:13539 to /127.0.0.1:13540" [_thread_blocked, id=11540, stack(0x000000e28d400000,0x000000e28d500000)]
  0x0000029885e20630 JavaThread "Stdin handler" [_thread_blocked, id=14520, stack(0x000000e28d500000,0x000000e28d600000)]
  0x0000029885e21970 JavaThread "Daemon client event forwarder" [_thread_blocked, id=10048, stack(0x000000e28d600000,0x000000e28d700000)]
  0x0000029885e1dfb0 JavaThread "Cache worker for journal cache (C:\Users\USER\.gradle\caches\journal-1)" [_thread_blocked, id=9468, stack(0x000000e28d700000,0x000000e28d800000)]
  0x0000029885e1e950 JavaThread "File lock request listener" [_thread_in_native, id=6456, stack(0x000000e28d800000,0x000000e28d900000)]
  0x0000029885e20160 JavaThread "Cache worker for file hash cache (C:\Users\USER\.gradle\caches\8.0\fileHashes)" [_thread_blocked, id=13588, stack(0x000000e28d900000,0x000000e28da00000)]
  0x0000029885e20b00 JavaThread "File watcher server" daemon [_thread_in_native, id=6952, stack(0x000000e28dd00000,0x000000e28de00000)]
  0x0000029885e1ee20 JavaThread "File watcher consumer" daemon [_thread_blocked, id=13976, stack(0x000000e28de00000,0x000000e28df00000)]
  0x0000029885e20fd0 JavaThread "Cache worker for checksums cache (C:\Users\USER\AndroidStudioProjects\CardioAdmin\.gradle\8.0\checksums)" [_thread_blocked, id=7348, stack(0x000000e28df00000,0x000000e28e000000)]
  0x0000029885e214a0 JavaThread "Cache worker for cache directory md-rule (C:\Users\USER\.gradle\caches\8.0\md-rule)" [_thread_blocked, id=288, stack(0x000000e28e000000,0x000000e28e100000)]
  0x0000029885e1f2f0 JavaThread "Cache worker for file content cache (C:\Users\USER\.gradle\caches\8.0\fileContent)" [_thread_blocked, id=14772, stack(0x000000e28e100000,0x000000e28e200000)]
  0x0000029885e1f7c0 JavaThread "Cache worker for file hash cache (C:\Users\USER\AndroidStudioProjects\CardioAdmin\.gradle\8.0\fileHashes)" [_thread_blocked, id=14180, stack(0x000000e28e200000,0x000000e28e300000)]
  0x0000029885e1fc90 JavaThread "Cache worker for cache directory md-supplier (C:\Users\USER\.gradle\caches\8.0\md-supplier)" [_thread_blocked, id=14256, stack(0x000000e28e300000,0x000000e28e400000)]
  0x0000029887f0e210 JavaThread "Cache worker for execution history cache (C:\Users\USER\.gradle\caches\8.0\executionHistory)" [_thread_blocked, id=14300, stack(0x000000e28e500000,0x000000e28e600000)]
  0x0000029887f0c530 JavaThread "jar transforms" [_thread_blocked, id=328, stack(0x000000e28c800000,0x000000e28c900000)]
  0x0000029887f0f080 JavaThread "jar transforms Thread 2" [_thread_blocked, id=10060, stack(0x000000e28e600000,0x000000e28e700000)]
  0x0000029887f0fa20 JavaThread "jar transforms Thread 3" [_thread_blocked, id=1132, stack(0x000000e28e700000,0x000000e28e800000)]
  0x0000029887f11700 JavaThread "jar transforms Thread 4" [_thread_blocked, id=14980, stack(0x000000e28e800000,0x000000e28e900000)]
  0x0000029887f12a40 JavaThread "Cache worker for dependencies-accessors (C:\Users\USER\AndroidStudioProjects\CardioAdmin\.gradle\8.0\dependencies-accessors)" [_thread_blocked, id=11464, stack(0x000000e28e900000,0x000000e28ea00000)]

Other Threads:
=>0x00000298ff86e8d0 VMThread "VM Thread" [stack: 0x000000e28bb00000,0x000000e28bc00000] [id=13576]
  0x00000298e57565a0 WatcherThread [stack: 0x000000e28c700000,0x000000e28c800000] [id=10484]
  0x00000298e57395f0 GCTaskThread "GC Thread#0" [stack: 0x000000e28b600000,0x000000e28b700000] [id=2720]
  0x000002988515c490 GCTaskThread "GC Thread#1" [stack: 0x000000e28c900000,0x000000e28ca00000] [id=6848]
  0x0000029885255590 GCTaskThread "GC Thread#2" [stack: 0x000000e28ca00000,0x000000e28cb00000] [id=10172]
  0x00000298852eb600 GCTaskThread "GC Thread#3" [stack: 0x000000e28cb00000,0x000000e28cc00000] [id=7724]
  0x000002988595e330 GCTaskThread "GC Thread#4" [stack: 0x000000e28cc00000,0x000000e28cd00000] [id=1544]
  0x00000298896d1fd0 GCTaskThread "GC Thread#5" [stack: 0x000000e28da00000,0x000000e28db00000] [id=10276]
  0x00000298896d07a0 GCTaskThread "GC Thread#6" [stack: 0x000000e28db00000,0x000000e28dc00000] [id=15136]
  0x00000298896d1a70 GCTaskThread "GC Thread#7" [stack: 0x000000e28dc00000,0x000000e28dd00000] [id=1168]
  0x00000298e574a530 ConcurrentGCThread "G1 Main Marker" [stack: 0x000000e28b700000,0x000000e28b800000] [id=12684]
  0x00000298e574af40 ConcurrentGCThread "G1 Conc#0" [stack: 0x000000e28b800000,0x000000e28b900000] [id=10980]
  0x00000298896d04f0 ConcurrentGCThread "G1 Conc#1" [stack: 0x000000e28e400000,0x000000e28e500000] [id=3348]
  0x00000298e57ae830 ConcurrentGCThread "G1 Refine#0" [stack: 0x000000e28b900000,0x000000e28ba00000] [id=11832]
  0x00000298ff727430 ConcurrentGCThread "G1 Service" [stack: 0x000000e28ba00000,0x000000e28bb00000] [id=12112]

Threads with active compile tasks:
C2 CompilerThread0     4388 3881       4       jdk.internal.loader.URLClassPath$JarLoader$2::getBytes (48 bytes)

VM state: at safepoint (normal execution)

VM Mutex/Monitor currently owned by a thread:  ([mutex/lock_event])
[0x00000298e56d77f0] Threads_lock - owner thread: 0x00000298ff86e8d0
[0x00000298e56d6d40] Heap_lock - owner thread: 0x0000029886338730

Heap address: 0x0000000080000000, size: 2048 MB, Compressed Oops mode: 32-bit

CDS archive(s) mapped at: [0x0000000800000000-0x0000000800bc0000-0x0000000800bc0000), size 12320768, SharedBaseAddress: 0x0000000800000000, ArchiveRelocationMode: 0.
Compressed class space mapped at: 0x0000000800c00000-0x0000000840c00000, reserved size: 1073741824
Narrow klass base: 0x0000000800000000, Narrow klass shift: 0, Narrow klass range: 0x100000000

GC Precious Log:
 CPUs: 8 total, 8 available
 Memory: 7886M
 Large Page Support: Disabled
 NUMA Support: Disabled
 Compressed Oops: Enabled (32-bit)
 Heap Region Size: 1M
 Heap Min Capacity: 8M
 Heap Initial Capacity: 124M
 Heap Max Capacity: 2G
 Pre-touch: Disabled
 Parallel Workers: 8
 Concurrent Workers: 2
 Concurrent Refinement Workers: 8
 Periodic GC: Disabled

Heap:
 garbage-first heap   total 126976K, used 33280K [0x0000000080000000, 0x0000000100000000)
  region size 1024K, 3 young (3072K), 3 survivors (3072K)
 Metaspace       used 34696K, committed 35136K, reserved 1081344K
  class space    used 4864K, committed 5056K, reserved 1048576K

Heap Regions: E=young(eden), S=young(survivor), O=old, HS=humongous(starts), HC=humongous(continues), CS=collection set, F=free, OA=open archive, CA=closed archive, TAMS=top-at-mark-start (previous, next)
|   0|0x0000000080000000, 0x0000000080100000, 0x0000000080100000|100%|HS|  |TAMS 0x0000000080100000, 0x0000000080000000| Complete 
|   1|0x0000000080100000, 0x0000000080200000, 0x0000000080200000|100%|HC|  |TAMS 0x0000000080200000, 0x0000000080100000| Complete 
|   2|0x0000000080200000, 0x0000000080300000, 0x0000000080300000|100%|HC|  |TAMS 0x0000000080300000, 0x0000000080200000| Complete 
|   3|0x0000000080300000, 0x0000000080400000, 0x0000000080400000|100%|HC|  |TAMS 0x0000000080400000, 0x0000000080300000| Complete 
|   4|0x0000000080400000, 0x0000000080500000, 0x0000000080500000|100%| O|  |TAMS 0x0000000080500000, 0x0000000080400000| Untracked 
|   5|0x0000000080500000, 0x0000000080600000, 0x0000000080600000|100%| O|  |TAMS 0x0000000080600000, 0x0000000080500000| Untracked 
|   6|0x0000000080600000, 0x0000000080700000, 0x0000000080700000|100%| O|  |TAMS 0x0000000080700000, 0x0000000080600000| Untracked 
|   7|0x0000000080700000, 0x0000000080800000, 0x0000000080800000|100%| O|  |TAMS 0x0000000080700000, 0x0000000080700000| Untracked 
|   8|0x0000000080800000, 0x0000000080900000, 0x0000000080900000|100%| O|  |TAMS 0x0000000080900000, 0x0000000080800000| Untracked 
|   9|0x0000000080900000, 0x0000000080a00000, 0x0000000080a00000|100%| O|  |TAMS 0x0000000080a00000, 0x0000000080900000| Untracked 
|  10|0x0000000080a00000, 0x0000000080b00000, 0x0000000080b00000|100%| O|  |TAMS 0x0000000080b00000, 0x0000000080a00000| Untracked 
|  11|0x0000000080b00000, 0x0000000080c00000, 0x0000000080c00000|100%| O|  |TAMS 0x0000000080b23000, 0x0000000080b00000| Untracked 
|  12|0x0000000080c00000, 0x0000000080d00000, 0x0000000080d00000|100%| O|  |TAMS 0x0000000080c00000, 0x0000000080c00000| Untracked 
|  13|0x0000000080d00000, 0x0000000080e00000, 0x0000000080e00000|100%| O|  |TAMS 0x0000000080d00000, 0x0000000080d00000| Untracked 
|  14|0x0000000080e00000, 0x0000000080f00000, 0x0000000080f00000|100%| O|  |TAMS 0x0000000080e00000, 0x0000000080e00000| Untracked 
|  15|0x0000000080f00000, 0x0000000081000000, 0x0000000081000000|100%| O|  |TAMS 0x0000000080f00000, 0x0000000080f00000| Untracked 
|  16|0x0000000081000000, 0x0000000081100000, 0x0000000081100000|100%| O|  |TAMS 0x0000000081000000, 0x0000000081000000| Untracked 
|  17|0x0000000081100000, 0x0000000081200000, 0x0000000081200000|100%| O|  |TAMS 0x0000000081100000, 0x0000000081100000| Untracked 
|  18|0x0000000081200000, 0x0000000081300000, 0x0000000081300000|100%| O|  |TAMS 0x0000000081200000, 0x0000000081200000| Untracked 
|  19|0x0000000081300000, 0x0000000081400000, 0x0000000081400000|100%| O|  |TAMS 0x0000000081300000, 0x0000000081300000| Untracked 
|  20|0x0000000081400000, 0x0000000081500000, 0x0000000081500000|100%| O|  |TAMS 0x0000000081400000, 0x0000000081400000| Untracked 
|  21|0x0000000081500000, 0x0000000081600000, 0x0000000081600000|100%| O|  |TAMS 0x0000000081500000, 0x0000000081500000| Untracked 
|  22|0x0000000081600000, 0x0000000081700000, 0x0000000081700000|100%| O|  |TAMS 0x0000000081600000, 0x0000000081600000| Untracked 
|  23|0x0000000081700000, 0x0000000081800000, 0x0000000081800000|100%| O|  |TAMS 0x0000000081700000, 0x0000000081700000| Untracked 
|  24|0x0000000081800000, 0x0000000081900000, 0x0000000081900000|100%| O|  |TAMS 0x0000000081800000, 0x0000000081800000| Untracked 
|  25|0x0000000081900000, 0x0000000081a00000, 0x0000000081a00000|100%| O|  |TAMS 0x0000000081900000, 0x0000000081900000| Untracked 
|  26|0x0000000081a00000, 0x0000000081b00000, 0x0000000081b00000|100%| O|  |TAMS 0x0000000081a00000, 0x0000000081a00000| Untracked 
|  27|0x0000000081b00000, 0x0000000081b10400, 0x0000000081c00000|  6%| O|  |TAMS 0x0000000081b00000, 0x0000000081b00000| Untracked 
|  28|0x0000000081c00000, 0x0000000081c00000, 0x0000000081d00000|  0%| F|  |TAMS 0x0000000081c00000, 0x0000000081c00000| Untracked 
|  29|0x0000000081d00000, 0x0000000081d00000, 0x0000000081e00000|  0%| F|  |TAMS 0x0000000081d00000, 0x0000000081d00000| Untracked 
|  30|0x0000000081e00000, 0x0000000081e00000, 0x0000000081f00000|  0%| F|  |TAMS 0x0000000081e00000, 0x0000000081e00000| Untracked 
|  31|0x0000000081f00000, 0x0000000082000000, 0x0000000082000000|100%| O|  |TAMS 0x0000000081f00000, 0x0000000081f00000| Untracked 
|  32|0x0000000082000000, 0x0000000082100000, 0x0000000082100000|100%| O|  |TAMS 0x0000000082000000, 0x0000000082000000| Untracked 
|  33|0x0000000082100000, 0x0000000082200000, 0x0000000082200000|100%| O|  |TAMS 0x0000000082100000, 0x0000000082100000| Untracked 
|  34|0x0000000082200000, 0x0000000082200000, 0x0000000082300000|  0%| F|  |TAMS 0x0000000082200000, 0x0000000082200000| Untracked 
|  35|0x0000000082300000, 0x0000000082300000, 0x0000000082400000|  0%| F|  |TAMS 0x0000000082300000, 0x0000000082300000| Untracked 
|  36|0x0000000082400000, 0x0000000082400000, 0x0000000082500000|  0%| F|  |TAMS 0x0000000082400000, 0x0000000082400000| Untracked 
|  37|0x0000000082500000, 0x0000000082500000, 0x0000000082600000|  0%| F|  |TAMS 0x0000000082500000, 0x0000000082500000| Untracked 
|  38|0x0000000082600000, 0x0000000082600000, 0x0000000082700000|  0%| F|  |TAMS 0x0000000082600000, 0x0000000082600000| Untracked 
|  39|0x0000000082700000, 0x0000000082700000, 0x0000000082800000|  0%| F|  |TAMS 0x0000000082700000, 0x0000000082700000| Untracked 
|  40|0x0000000082800000, 0x0000000082800000, 0x0000000082900000|  0%| F|  |TAMS 0x0000000082800000, 0x0000000082800000| Untracked 
|  41|0x0000000082900000, 0x0000000082900000, 0x0000000082a00000|  0%| F|  |TAMS 0x0000000082900000, 0x0000000082900000| Untracked 
|  42|0x0000000082a00000, 0x0000000082a00000, 0x0000000082b00000|  0%| F|  |TAMS 0x0000000082a00000, 0x0000000082a00000| Untracked 
|  43|0x0000000082b00000, 0x0000000082b00000, 0x0000000082c00000|  0%| F|  |TAMS 0x0000000082b00000, 0x0000000082b00000| Untracked 
|  44|0x0000000082c00000, 0x0000000082c00000, 0x0000000082d00000|  0%| F|  |TAMS 0x0000000082c00000, 0x0000000082c00000| Untracked 
|  45|0x0000000082d00000, 0x0000000082d00000, 0x0000000082e00000|  0%| F|  |TAMS 0x0000000082d00000, 0x0000000082d00000| Untracked 
|  46|0x0000000082e00000, 0x0000000082e00000, 0x0000000082f00000|  0%| F|  |TAMS 0x0000000082e00000, 0x0000000082e00000| Untracked 
|  47|0x0000000082f00000, 0x0000000082f00000, 0x0000000083000000|  0%| F|  |TAMS 0x0000000082f00000, 0x0000000082f00000| Untracked 
|  48|0x0000000083000000, 0x000000008306fd80, 0x0000000083100000| 43%| S|CS|TAMS 0x0000000083000000, 0x0000000083000000| Complete 
|  49|0x0000000083100000, 0x0000000083200000, 0x0000000083200000|100%| S|CS|TAMS 0x0000000083100000, 0x0000000083100000| Complete 
|  50|0x0000000083200000, 0x0000000083300000, 0x0000000083300000|100%| S|CS|TAMS 0x0000000083200000, 0x0000000083200000| Complete 
|  51|0x0000000083300000, 0x0000000083300000, 0x0000000083400000|  0%| F|  |TAMS 0x0000000083300000, 0x0000000083300000| Untracked 
|  52|0x0000000083400000, 0x0000000083400000, 0x0000000083500000|  0%| F|  |TAMS 0x0000000083400000, 0x0000000083400000| Untracked 
|  53|0x0000000083500000, 0x0000000083500000, 0x0000000083600000|  0%| F|  |TAMS 0x0000000083500000, 0x0000000083500000| Untracked 
|  54|0x0000000083600000, 0x0000000083600000, 0x0000000083700000|  0%| F|  |TAMS 0x0000000083600000, 0x0000000083600000| Untracked 
|  55|0x0000000083700000, 0x0000000083700000, 0x0000000083800000|  0%| F|  |TAMS 0x0000000083700000, 0x0000000083700000| Untracked 
|  56|0x0000000083800000, 0x0000000083800000, 0x0000000083900000|  0%| F|  |TAMS 0x0000000083800000, 0x0000000083800000| Untracked 
|  57|0x0000000083900000, 0x0000000083900000, 0x0000000083a00000|  0%| F|  |TAMS 0x0000000083900000, 0x0000000083900000| Untracked 
|  58|0x0000000083a00000, 0x0000000083a00000, 0x0000000083b00000|  0%| F|  |TAMS 0x0000000083a00000, 0x0000000083a00000| Untracked 
|  59|0x0000000083b00000, 0x0000000083b00000, 0x0000000083c00000|  0%| F|  |TAMS 0x0000000083b00000, 0x0000000083b00000| Untracked 
|  60|0x0000000083c00000, 0x0000000083c00000, 0x0000000083d00000|  0%| F|  |TAMS 0x0000000083c00000, 0x0000000083c00000| Untracked 
|  61|0x0000000083d00000, 0x0000000083d00000, 0x0000000083e00000|  0%| F|  |TAMS 0x0000000083d00000, 0x0000000083d00000| Untracked 
|  62|0x0000000083e00000, 0x0000000083e00000, 0x0000000083f00000|  0%| F|  |TAMS 0x0000000083e00000, 0x0000000083e00000| Untracked 
|  63|0x0000000083f00000, 0x0000000083f00000, 0x0000000084000000|  0%| F|  |TAMS 0x0000000083f00000, 0x0000000083f00000| Untracked 
|  64|0x0000000084000000, 0x0000000084000000, 0x0000000084100000|  0%| F|  |TAMS 0x0000000084000000, 0x0000000084000000| Untracked 
|  65|0x0000000084100000, 0x0000000084100000, 0x0000000084200000|  0%| F|  |TAMS 0x0000000084100000, 0x0000000084100000| Untracked 
|  66|0x0000000084200000, 0x0000000084200000, 0x0000000084300000|  0%| F|  |TAMS 0x0000000084200000, 0x0000000084200000| Untracked 
|  67|0x0000000084300000, 0x0000000084300000, 0x0000000084400000|  0%| F|  |TAMS 0x0000000084300000, 0x0000000084300000| Untracked 
|  68|0x0000000084400000, 0x0000000084400000, 0x0000000084500000|  0%| F|  |TAMS 0x0000000084400000, 0x0000000084400000| Untracked 
|  69|0x0000000084500000, 0x0000000084500000, 0x0000000084600000|  0%| F|  |TAMS 0x0000000084500000, 0x0000000084500000| Untracked 
|  70|0x0000000084600000, 0x0000000084600000, 0x0000000084700000|  0%| F|  |TAMS 0x0000000084600000, 0x0000000084600000| Untracked 
|  71|0x0000000084700000, 0x0000000084700000, 0x0000000084800000|  0%| F|  |TAMS 0x0000000084700000, 0x0000000084700000| Untracked 
|  72|0x0000000084800000, 0x0000000084800000, 0x0000000084900000|  0%| F|  |TAMS 0x0000000084800000, 0x0000000084800000| Untracked 
|  73|0x0000000084900000, 0x0000000084900000, 0x0000000084a00000|  0%| F|  |TAMS 0x0000000084900000, 0x0000000084900000| Untracked 
|  74|0x0000000084a00000, 0x0000000084a00000, 0x0000000084b00000|  0%| F|  |TAMS 0x0000000084a00000, 0x0000000084a00000| Untracked 
|  75|0x0000000084b00000, 0x0000000084b00000, 0x0000000084c00000|  0%| F|  |TAMS 0x0000000084b00000, 0x0000000084b00000| Untracked 
|  76|0x0000000084c00000, 0x0000000084c00000, 0x0000000084d00000|  0%| F|  |TAMS 0x0000000084c00000, 0x0000000084c00000| Untracked 
|  77|0x0000000084d00000, 0x0000000084d00000, 0x0000000084e00000|  0%| F|  |TAMS 0x0000000084d00000, 0x0000000084d00000| Untracked 
|  78|0x0000000084e00000, 0x0000000084e00000, 0x0000000084f00000|  0%| F|  |TAMS 0x0000000084e00000, 0x0000000084e00000| Untracked 
|  79|0x0000000084f00000, 0x0000000084f00000, 0x0000000085000000|  0%| F|  |TAMS 0x0000000084f00000, 0x0000000084f00000| Untracked 
|  80|0x0000000085000000, 0x0000000085000000, 0x0000000085100000|  0%| F|  |TAMS 0x0000000085000000, 0x0000000085000000| Untracked 
|  81|0x0000000085100000, 0x0000000085100000, 0x0000000085200000|  0%| F|  |TAMS 0x0000000085100000, 0x0000000085100000| Untracked 
|  82|0x0000000085200000, 0x0000000085200000, 0x0000000085300000|  0%| F|  |TAMS 0x0000000085200000, 0x0000000085200000| Untracked 
|  83|0x0000000085300000, 0x0000000085300000, 0x0000000085400000|  0%| F|  |TAMS 0x0000000085300000, 0x0000000085300000| Untracked 
|  84|0x0000000085400000, 0x0000000085400000, 0x0000000085500000|  0%| F|  |TAMS 0x0000000085400000, 0x0000000085400000| Untracked 
|  85|0x0000000085500000, 0x0000000085500000, 0x0000000085600000|  0%| F|  |TAMS 0x0000000085500000, 0x0000000085500000| Untracked 
|  86|0x0000000085600000, 0x0000000085600000, 0x0000000085700000|  0%| F|  |TAMS 0x0000000085600000, 0x0000000085600000| Untracked 
|  87|0x0000000085700000, 0x0000000085700000, 0x0000000085800000|  0%| F|  |TAMS 0x0000000085700000, 0x0000000085700000| Untracked 
|  88|0x0000000085800000, 0x0000000085800000, 0x0000000085900000|  0%| F|  |TAMS 0x0000000085800000, 0x0000000085800000| Untracked 
|  89|0x0000000085900000, 0x0000000085900000, 0x0000000085a00000|  0%| F|  |TAMS 0x0000000085900000, 0x0000000085900000| Untracked 
|  90|0x0000000085a00000, 0x0000000085a00000, 0x0000000085b00000|  0%| F|  |TAMS 0x0000000085a00000, 0x0000000085a00000| Untracked 
|  91|0x0000000085b00000, 0x0000000085b00000, 0x0000000085c00000|  0%| F|  |TAMS 0x0000000085b00000, 0x0000000085b00000| Untracked 
|  92|0x0000000085c00000, 0x0000000085c00000, 0x0000000085d00000|  0%| F|  |TAMS 0x0000000085c00000, 0x0000000085c00000| Untracked 
|  93|0x0000000085d00000, 0x0000000085d00000, 0x0000000085e00000|  0%| F|  |TAMS 0x0000000085d00000, 0x0000000085d00000| Untracked 
|  94|0x0000000085e00000, 0x0000000085e00000, 0x0000000085f00000|  0%| F|  |TAMS 0x0000000085e00000, 0x0000000085e00000| Untracked 
|  95|0x0000000085f00000, 0x0000000085f00000, 0x0000000086000000|  0%| F|  |TAMS 0x0000000085f00000, 0x0000000085f00000| Untracked 
|  96|0x0000000086000000, 0x0000000086000000, 0x0000000086100000|  0%| F|  |TAMS 0x0000000086000000, 0x0000000086000000| Untracked 
|  97|0x0000000086100000, 0x0000000086100000, 0x0000000086200000|  0%| F|  |TAMS 0x0000000086100000, 0x0000000086100000| Untracked 
|  98|0x0000000086200000, 0x0000000086200000, 0x0000000086300000|  0%| F|  |TAMS 0x0000000086200000, 0x0000000086200000| Untracked 
|  99|0x0000000086300000, 0x0000000086300000, 0x0000000086400000|  0%| F|  |TAMS 0x0000000086300000, 0x0000000086300000| Untracked 
| 100|0x0000000086400000, 0x0000000086400000, 0x0000000086500000|  0%| F|  |TAMS 0x0000000086400000, 0x0000000086400000| Untracked 
| 101|0x0000000086500000, 0x0000000086500000, 0x0000000086600000|  0%| F|  |TAMS 0x0000000086500000, 0x0000000086500000| Untracked 
| 102|0x0000000086600000, 0x0000000086600000, 0x0000000086700000|  0%| F|  |TAMS 0x0000000086600000, 0x0000000086600000| Untracked 
| 103|0x0000000086700000, 0x0000000086700000, 0x0000000086800000|  0%| F|  |TAMS 0x0000000086700000, 0x0000000086700000| Untracked 
| 104|0x0000000086800000, 0x0000000086800000, 0x0000000086900000|  0%| F|  |TAMS 0x0000000086800000, 0x0000000086800000| Untracked 
| 105|0x0000000086900000, 0x0000000086900000, 0x0000000086a00000|  0%| F|  |TAMS 0x0000000086900000, 0x0000000086900000| Untracked 
| 106|0x0000000086a00000, 0x0000000086a00000, 0x0000000086b00000|  0%| F|  |TAMS 0x0000000086a00000, 0x0000000086a00000| Untracked 
| 107|0x0000000086b00000, 0x0000000086b00000, 0x0000000086c00000|  0%| F|  |TAMS 0x0000000086b00000, 0x0000000086b00000| Untracked 
| 108|0x0000000086c00000, 0x0000000086c00000, 0x0000000086d00000|  0%| F|  |TAMS 0x0000000086c00000, 0x0000000086c00000| Untracked 
| 109|0x0000000086d00000, 0x0000000086d00000, 0x0000000086e00000|  0%| F|  |TAMS 0x0000000086d00000, 0x0000000086d00000| Untracked 
| 110|0x0000000086e00000, 0x0000000086e00000, 0x0000000086f00000|  0%| F|  |TAMS 0x0000000086e00000, 0x0000000086e00000| Untracked 
| 111|0x0000000086f00000, 0x0000000086f00000, 0x0000000087000000|  0%| F|  |TAMS 0x0000000086f00000, 0x0000000086f00000| Untracked 
| 112|0x0000000087000000, 0x0000000087000000, 0x0000000087100000|  0%| F|  |TAMS 0x0000000087000000, 0x0000000087000000| Untracked 
| 113|0x0000000087100000, 0x0000000087100000, 0x0000000087200000|  0%| F|  |TAMS 0x0000000087100000, 0x0000000087100000| Untracked 
| 114|0x0000000087200000, 0x0000000087200000, 0x0000000087300000|  0%| F|  |TAMS 0x0000000087200000, 0x0000000087200000| Untracked 
| 115|0x0000000087300000, 0x0000000087300000, 0x0000000087400000|  0%| F|  |TAMS 0x0000000087300000, 0x0000000087300000| Untracked 
| 116|0x0000000087400000, 0x0000000087400000, 0x0000000087500000|  0%| F|  |TAMS 0x0000000087400000, 0x0000000087400000| Untracked 
| 117|0x0000000087500000, 0x0000000087500000, 0x0000000087600000|  0%| F|  |TAMS 0x0000000087500000, 0x0000000087500000| Untracked 
| 118|0x0000000087600000, 0x0000000087600000, 0x0000000087700000|  0%| F|  |TAMS 0x0000000087600000, 0x0000000087600000| Untracked 
| 119|0x0000000087700000, 0x0000000087700000, 0x0000000087800000|  0%| F|  |TAMS 0x0000000087700000, 0x0000000087700000| Untracked 
| 120|0x0000000087800000, 0x0000000087800000, 0x0000000087900000|  0%| F|  |TAMS 0x0000000087800000, 0x0000000087800000| Untracked 
| 121|0x0000000087900000, 0x0000000087900000, 0x0000000087a00000|  0%| F|  |TAMS 0x0000000087900000, 0x0000000087900000| Untracked 
| 122|0x0000000087a00000, 0x0000000087a00000, 0x0000000087b00000|  0%| F|  |TAMS 0x0000000087a00000, 0x0000000087a00000| Untracked 
| 123|0x0000000087b00000, 0x0000000087b00000, 0x0000000087c00000|  0%| F|  |TAMS 0x0000000087b00000, 0x0000000087b00000| Untracked 

Card table byte_map: [0x00000298fc680000,0x00000298fca80000] _byte_map_base: 0x00000298fc280000

Marking Bits (Prev, Next): (CMBitMap*) 0x00000298e5739c40, (CMBitMap*) 0x00000298e5739c00
 Prev Bits: [0x0000029880000000, 0x0000029882000000)
 Next Bits: [0x00000298fce80000, 0x00000298fee80000)

Polling page: 0x00000298e3620000

Metaspace:

Usage:
  Non-class:     29.13 MB used.
      Class:      4.75 MB used.
       Both:     33.88 MB used.

Virtual space:
  Non-class space:       32.00 MB reserved,      29.38 MB ( 92%) committed,  4 nodes.
      Class space:        1.00 GB reserved,       4.94 MB ( <1%) committed,  1 nodes.
             Both:        1.03 GB reserved,      34.31 MB (  3%) committed. 

Chunk freelists:
   Non-Class:  2.48 MB
       Class:  3.03 MB
        Both:  5.52 MB

MaxMetaspaceSize: unlimited
CompressedClassSpaceSize: 1.00 GB
Initial GC threshold: 21.00 MB
Current GC threshold: 35.12 MB
CDS: on
MetaspaceReclaimPolicy: balanced
 - commit_granule_bytes: 65536.
 - commit_granule_words: 8192.
 - virtual_space_node_default_size: 1048576.
 - enlarge_chunks_in_place: 1.
 - new_chunks_are_fully_committed: 0.
 - uncommit_free_chunks: 1.
 - use_allocation_guard: 0.
 - handle_deallocations: 1.


Internal statistics:

num_allocs_failed_limit: 3.
num_arena_births: 356.
num_arena_deaths: 0.
num_vsnodes_births: 5.
num_vsnodes_deaths: 0.
num_space_committed: 549.
num_space_uncommitted: 0.
num_chunks_returned_to_freelist: 3.
num_chunks_taken_from_freelist: 1597.
num_chunk_merges: 3.
num_chunk_splits: 1077.
num_chunks_enlarged: 767.
num_purges: 0.
num_inconsistent_stats: 0.

CodeHeap 'non-profiled nmethods': size=120000Kb used=1815Kb max_used=1815Kb free=118184Kb
 bounds [0x00000298f4a20000, 0x00000298f4c90000, 0x00000298fbf50000]
CodeHeap 'profiled nmethods': size=120000Kb used=7652Kb max_used=7652Kb free=112347Kb
 bounds [0x00000298ed4f0000, 0x00000298edc70000, 0x00000298f4a20000]
CodeHeap 'non-nmethods': size=5760Kb used=2299Kb max_used=2331Kb free=3460Kb
 bounds [0x00000298ecf50000, 0x00000298ed1c0000, 0x00000298ed4f0000]
 total_blobs=4682 nmethods=3887 adapters=707
 compilation: enabled
              stopped_count=0, restarted_count=0
 full_count=0

Compilation events (20 events):
Event: 4.342 Thread 0x00000298ff88a1e0 3923       3       com.google.common.reflect.TypeResolver$TypeVariableKey::hashCode (32 bytes)
Event: 4.343 Thread 0x00000298ff88a1e0 nmethod 3923 0x00000298edc65290 code [0x00000298edc65480, 0x00000298edc65b68]
Event: 4.343 Thread 0x00000298ff88a1e0 3925       3       org.gradle.internal.instantiation.generator.AbstractClassGenerator::isPropertyType (33 bytes)
Event: 4.343 Thread 0x00000298ff88a1e0 nmethod 3925 0x00000298edc65d10 code [0x00000298edc65ee0, 0x00000298edc66168]
Event: 4.343 Thread 0x00000298ff88a1e0 3926       3       org.gradle.model.internal.asm.MethodVisitorScope::_PUTFIELD (11 bytes)
Event: 4.343 Thread 0x00000298ff88a1e0 nmethod 3926 0x00000298edc66290 code [0x00000298edc66460, 0x00000298edc66828]
Event: 4.347 Thread 0x00000298ff88a1e0 3927       3       org.gradle.internal.time.TimeSource$1::nanoTime (4 bytes)
Event: 4.347 Thread 0x00000298ff88a1e0 nmethod 3927 0x00000298edc66a10 code [0x00000298edc66ba0, 0x00000298edc66cd8]
Event: 4.356 Thread 0x00000298ff88a1e0 3928       3       org.objectweb.asm.ClassReader::readUnsignedShort (26 bytes)
Event: 4.356 Thread 0x00000298ff88a1e0 nmethod 3928 0x00000298edc66d90 code [0x00000298edc66f20, 0x00000298edc67098]
Event: 4.358 Thread 0x00000298ff88a1e0 3929       3       org.objectweb.asm.ClassReader::readUtf (161 bytes)
Event: 4.358 Thread 0x00000298ff88a1e0 nmethod 3929 0x00000298edc67190 code [0x00000298edc67360, 0x00000298edc677c8]
Event: 4.358 Thread 0x00000298ff88a1e0 3930       3       org.objectweb.asm.ClassReader::readUtf (44 bytes)
Event: 4.358 Thread 0x00000298ff88a1e0 nmethod 3930 0x00000298edc67a90 code [0x00000298edc67c60, 0x00000298edc68058]
Event: 4.358 Thread 0x00000298ff88a1e0 3931       3       org.objectweb.asm.ClassReader::readUTF8 (23 bytes)
Event: 4.359 Thread 0x00000298ff88a1e0 nmethod 3931 0x00000298edc68210 code [0x00000298edc683c0, 0x00000298edc68618]
Event: 4.359 Thread 0x00000298ff88a1e0 3933       3       org.objectweb.asm.ByteVector::putShort (52 bytes)
Event: 4.359 Thread 0x00000298ff88a1e0 nmethod 3933 0x00000298edc68710 code [0x00000298edc688c0, 0x00000298edc68ac8]
Event: 4.359 Thread 0x00000298ff88a1e0 3934       3       org.objectweb.asm.ClassReader::readInt (52 bytes)
Event: 4.359 Thread 0x00000298ff88a1e0 nmethod 3934 0x00000298edc68c10 code [0x00000298edc68da0, 0x00000298edc68f78]

GC Heap History (15 events):
Event: 0.767 GC heap before
{Heap before GC invocations=0 (full 0):
 garbage-first heap   total 126976K, used 27648K [0x0000000080000000, 0x0000000100000000)
  region size 1024K, 23 young (23552K), 0 survivors (0K)
 Metaspace       used 2997K, committed 3136K, reserved 1056768K
  class space    used 380K, committed 448K, reserved 1048576K
}
Event: 0.774 GC heap after
{Heap after GC invocations=1 (full 0):
 garbage-first heap   total 126976K, used 10214K [0x0000000080000000, 0x0000000100000000)
  region size 1024K, 3 young (3072K), 3 survivors (3072K)
 Metaspace       used 2997K, committed 3136K, reserved 1056768K
  class space    used 380K, committed 448K, reserved 1048576K
}
Event: 1.025 GC heap before
{Heap before GC invocations=1 (full 0):
 garbage-first heap   total 126976K, used 39910K [0x0000000080000000, 0x0000000100000000)
  region size 1024K, 31 young (31744K), 3 survivors (3072K)
 Metaspace       used 3924K, committed 4096K, reserved 1056768K
  class space    used 476K, committed 576K, reserved 1048576K
}
Event: 1.034 GC heap after
{Heap after GC invocations=2 (full 0):
 garbage-first heap   total 126976K, used 14475K [0x0000000080000000, 0x0000000100000000)
  region size 1024K, 4 young (4096K), 4 survivors (4096K)
 Metaspace       used 3924K, committed 4096K, reserved 1056768K
  class space    used 476K, committed 576K, reserved 1048576K
}
Event: 2.457 GC heap before
{Heap before GC invocations=2 (full 0):
 garbage-first heap   total 126976K, used 86155K [0x0000000080000000, 0x0000000100000000)
  region size 1024K, 74 young (75776K), 4 survivors (4096K)
 Metaspace       used 16770K, committed 17088K, reserved 1064960K
  class space    used 2471K, committed 2624K, reserved 1048576K
}
Event: 2.467 GC heap after
{Heap after GC invocations=3 (full 0):
 garbage-first heap   total 126976K, used 20490K [0x0000000080000000, 0x0000000100000000)
  region size 1024K, 10 young (10240K), 10 survivors (10240K)
 Metaspace       used 16770K, committed 17088K, reserved 1064960K
  class space    used 2471K, committed 2624K, reserved 1048576K
}
Event: 2.992 GC heap before
{Heap before GC invocations=3 (full 0):
 garbage-first heap   total 126976K, used 50186K [0x0000000080000000, 0x0000000100000000)
  region size 1024K, 40 young (40960K), 10 survivors (10240K)
 Metaspace       used 21233K, committed 21504K, reserved 1073152K
  class space    used 3182K, committed 3328K, reserved 1048576K
}
Event: 3.000 GC heap after
{Heap after GC invocations=4 (full 0):
 garbage-first heap   total 126976K, used 22248K [0x0000000080000000, 0x0000000100000000)
  region size 1024K, 2 young (2048K), 2 survivors (2048K)
 Metaspace       used 21233K, committed 21504K, reserved 1073152K
  class space    used 3182K, committed 3328K, reserved 1048576K
}
Event: 3.733 GC heap before
{Heap before GC invocations=5 (full 0):
 garbage-first heap   total 78848K, used 66280K [0x0000000080000000, 0x0000000100000000)
  region size 1024K, 46 young (47104K), 2 survivors (2048K)
 Metaspace       used 29868K, committed 30272K, reserved 1081344K
  class space    used 4240K, committed 4416K, reserved 1048576K
}
Event: 3.739 GC heap after
{Heap after GC invocations=6 (full 0):
 garbage-first heap   total 78848K, used 27207K [0x0000000080000000, 0x0000000100000000)
  region size 1024K, 6 young (6144K), 6 survivors (6144K)
 Metaspace       used 29868K, committed 30272K, reserved 1081344K
  class space    used 4240K, committed 4416K, reserved 1048576K
}
Event: 3.743 GC heap before
{Heap before GC invocations=6 (full 0):
 garbage-first heap   total 78848K, used 28231K [0x0000000080000000, 0x0000000100000000)
  region size 1024K, 7 young (7168K), 6 survivors (6144K)
 Metaspace       used 29868K, committed 30272K, reserved 1081344K
  class space    used 4240K, committed 4416K, reserved 1048576K
}
Event: 3.749 GC heap after
{Heap after GC invocations=7 (full 0):
 garbage-first heap   total 78848K, used 27710K [0x0000000080000000, 0x0000000100000000)
  region size 1024K, 1 young (1024K), 1 survivors (1024K)
 Metaspace       used 29868K, committed 30272K, reserved 1081344K
  class space    used 4240K, committed 4416K, reserved 1048576K
}
Event: 4.006 GC heap before
{Heap before GC invocations=7 (full 0):
 garbage-first heap   total 78848K, used 58430K [0x0000000080000000, 0x0000000100000000)
  region size 1024K, 29 young (29696K), 1 survivors (1024K)
 Metaspace       used 32001K, committed 32448K, reserved 1081344K
  class space    used 4438K, committed 4672K, reserved 1048576K
}
Event: 4.010 GC heap after
{Heap after GC invocations=8 (full 0):
 garbage-first heap   total 78848K, used 30843K [0x0000000080000000, 0x0000000100000000)
  region size 1024K, 4 young (4096K), 4 survivors (4096K)
 Metaspace       used 32001K, committed 32448K, reserved 1081344K
  class space    used 4438K, committed 4672K, reserved 1048576K
}
Event: 4.361 GC heap before
{Heap before GC invocations=8 (full 0):
 garbage-first heap   total 78848K, used 57467K [0x0000000080000000, 0x0000000100000000)
  region size 1024K, 30 young (30720K), 4 survivors (4096K)
 Metaspace       used 34696K, committed 35136K, reserved 1081344K
  class space    used 4864K, committed 5056K, reserved 1048576K
}

Deoptimization events (20 events):
Event: 4.168 Thread 0x0000029886338730 DEOPT PACKING pc=0x00000298edba4115 sp=0x000000e28d3f5230
Event: 4.168 Thread 0x0000029886338730 DEOPT UNPACKING pc=0x00000298ecfa6763 sp=0x000000e28d3f46b8 mode 0
Event: 4.224 Thread 0x0000029886338730 DEOPT PACKING pc=0x00000298ed59944b sp=0x000000e28d3f9800
Event: 4.224 Thread 0x0000029886338730 DEOPT UNPACKING pc=0x00000298ecfa6763 sp=0x000000e28d3f8d20 mode 0
Event: 4.334 Thread 0x0000029886338730 Uncommon trap: trap_request=0xffffff45 fr.pc=0x00000298f4bdc330 relative=0x0000000000000290
Event: 4.335 Thread 0x0000029886338730 Uncommon trap: reason=unstable_if action=reinterpret pc=0x00000298f4bdc330 method=java.util.HashMap.getNode(Ljava/lang/Object;)Ljava/util/HashMap$Node; @ 57 c2
Event: 4.335 Thread 0x0000029886338730 DEOPT PACKING pc=0x00000298f4bdc330 sp=0x000000e28d3f83d0
Event: 4.335 Thread 0x0000029886338730 DEOPT UNPACKING pc=0x00000298ecfa5c23 sp=0x000000e28d3f82f0 mode 2
Event: 4.335 Thread 0x0000029886338730 Uncommon trap: trap_request=0xffffff45 fr.pc=0x00000298f4bdd538 relative=0x0000000000000758
Event: 4.335 Thread 0x0000029886338730 Uncommon trap: reason=unstable_if action=reinterpret pc=0x00000298f4bdd538 method=java.util.HashMap.putVal(ILjava/lang/Object;Ljava/lang/Object;ZZ)Ljava/lang/Object; @ 85 c2
Event: 4.335 Thread 0x0000029886338730 DEOPT PACKING pc=0x00000298f4bdd538 sp=0x000000e28d3f83a0
Event: 4.335 Thread 0x0000029886338730 DEOPT UNPACKING pc=0x00000298ecfa5c23 sp=0x000000e28d3f82d0 mode 2
Event: 4.338 Thread 0x0000029886338730 Uncommon trap: trap_request=0xffffff45 fr.pc=0x00000298f4be2238 relative=0x00000000000002f8
Event: 4.338 Thread 0x0000029886338730 Uncommon trap: reason=unstable_if action=reinterpret pc=0x00000298f4be2238 method=org.gradle.internal.reflect.PropertyAccessorType.isGetGetterName(Ljava/lang/String;)Z @ 14 c2
Event: 4.338 Thread 0x0000029886338730 DEOPT PACKING pc=0x00000298f4be2238 sp=0x000000e28d3f8e30
Event: 4.338 Thread 0x0000029886338730 DEOPT UNPACKING pc=0x00000298ecfa5c23 sp=0x000000e28d3f8d88 mode 2
Event: 4.359 Thread 0x0000029886338730 Uncommon trap: trap_request=0xffffff45 fr.pc=0x00000298f4b8aee8 relative=0x00000000000000e8
Event: 4.359 Thread 0x0000029886338730 Uncommon trap: reason=unstable_if action=reinterpret pc=0x00000298f4b8aee8 method=org.objectweb.asm.ByteVector.putShort(I)Lorg/objectweb/asm/ByteVector; @ 13 c2
Event: 4.359 Thread 0x0000029886338730 DEOPT PACKING pc=0x00000298f4b8aee8 sp=0x000000e28d3f8a30
Event: 4.359 Thread 0x0000029886338730 DEOPT UNPACKING pc=0x00000298ecfa5c23 sp=0x000000e28d3f89c8 mode 2

Classes unloaded (0 events):
No events

Classes redefined (0 events):
No events

Internal exceptions (20 events):
Event: 4.079 Thread 0x0000029886338730 Exception <a 'java/lang/ClassNotFoundException'{0x0000000084470448}: org/gradle/internal/management/DefaultDependencyResolutionManagementBeanInfo> (0x0000000084470448) 
thrown [s\open\src\hotspot\share\classfile\systemDictionary.cpp, line 256]
Event: 4.079 Thread 0x0000029886338730 Exception <a 'java/lang/ClassNotFoundException'{0x00000000844846e0}: org/gradle/internal/management/DefaultDependencyResolutionManagementCustomizer> (0x00000000844846e0) 
thrown [s\open\src\hotspot\share\classfile\systemDictionary.cpp, line 256]
Event: 4.081 Thread 0x0000029886338730 Exception <a 'java/lang/ClassNotFoundException'{0x00000000844aad68}: org/gradle/internal/management/DefaultDependencyResolutionManagement_DecoratedCustomizer> (0x00000000844aad68) 
thrown [s\open\src\hotspot\share\classfile\systemDictionary.cpp, line 256]
Event: 4.084 Thread 0x0000029886338730 Exception <a 'java/lang/ClassNotFoundException'{0x00000000844f7988}: org/gradle/api/initialization/resolve/RepositoriesModeBeanInfo> (0x00000000844f7988) 
thrown [s\open\src\hotspot\share\classfile\systemDictionary.cpp, line 256]
Event: 4.084 Thread 0x0000029886338730 Exception <a 'java/lang/ClassNotFoundException'{0x00000000844fc7d0}: java/lang/EnumBeanInfo> (0x00000000844fc7d0) 
thrown [s\open\src\hotspot\share\classfile\systemDictionary.cpp, line 256]
Event: 4.084 Thread 0x0000029886338730 Exception <a 'java/lang/ClassNotFoundException'{0x0000000084301af0}: java/lang/EnumCustomizer> (0x0000000084301af0) 
thrown [s\open\src\hotspot\share\classfile\systemDictionary.cpp, line 256]
Event: 4.085 Thread 0x0000029886338730 Exception <a 'java/lang/ClassNotFoundException'{0x000000008431a618}: org/gradle/api/initialization/resolve/RepositoriesModeCustomizer> (0x000000008431a618) 
thrown [s\open\src\hotspot\share\classfile\systemDictionary.cpp, line 256]
Event: 4.089 Thread 0x0000029886338730 Exception <a 'java/lang/ClassNotFoundException'{0x0000000084388188}: org/gradle/api/internal/provider/DefaultPropertyBeanInfo> (0x0000000084388188) 
thrown [s\open\src\hotspot\share\classfile\systemDictionary.cpp, line 256]
Event: 4.089 Thread 0x0000029886338730 Exception <a 'java/lang/ClassNotFoundException'{0x00000000843993a0}: org/gradle/api/internal/provider/AbstractPropertyBeanInfo> (0x00000000843993a0) 
thrown [s\open\src\hotspot\share\classfile\systemDictionary.cpp, line 256]
Event: 4.090 Thread 0x0000029886338730 Exception <a 'java/lang/ClassNotFoundException'{0x00000000843aae90}: org/gradle/api/internal/provider/AbstractMinimalProviderBeanInfo> (0x00000000843aae90) 
thrown [s\open\src\hotspot\share\classfile\systemDictionary.cpp, line 256]
Event: 4.090 Thread 0x0000029886338730 Exception <a 'java/lang/ClassNotFoundException'{0x00000000843bc1b8}: org/gradle/api/internal/provider/AbstractMinimalProviderCustomizer> (0x00000000843bc1b8) 
thrown [s\open\src\hotspot\share\classfile\systemDictionary.cpp, line 256]
Event: 4.091 Thread 0x0000029886338730 Exception <a 'java/lang/ClassNotFoundException'{0x00000000843e65b0}: org/gradle/api/internal/provider/AbstractPropertyCustomizer> (0x00000000843e65b0) 
thrown [s\open\src\hotspot\share\classfile\systemDictionary.cpp, line 256]
Event: 4.093 Thread 0x0000029886338730 Exception <a 'java/lang/ClassNotFoundException'{0x0000000084203850}: org/gradle/api/internal/provider/DefaultPropertyCustomizer> (0x0000000084203850) 
thrown [s\open\src\hotspot\share\classfile\systemDictionary.cpp, line 256]
Event: 4.101 Thread 0x0000029886338730 Exception <a 'java/lang/ClassNotFoundException'{0x000000008426c618}: org/gradle/initialization/DefaultProjectDescriptorBeanInfo> (0x000000008426c618) 
thrown [s\open\src\hotspot\share\classfile\systemDictionary.cpp, line 256]
Event: 4.102 Thread 0x0000029886338730 Exception <a 'java/lang/ClassNotFoundException'{0x000000008427ad58}: org/gradle/initialization/DefaultProjectDescriptorCustomizer> (0x000000008427ad58) 
thrown [s\open\src\hotspot\share\classfile\systemDictionary.cpp, line 256]
Event: 4.235 Thread 0x0000029885e21970 Exception <a 'java/lang/NoSuchMethodError'{0x0000000083ae7ff8}: static Lorg/gradle/internal/build/event/types/DefaultOperationStartedProgressEvent;.<clinit>()V> (0x0000000083ae7ff8) 
thrown [s\open\src\hotspot\share\prims\jni.cpp, line 1107]
Event: 4.236 Thread 0x0000029885e21970 Exception <a 'java/lang/NoSuchMethodError'{0x0000000083ae9680}: static Lorg/gradle/internal/build/event/types/AbstractProgressEvent;.<clinit>()V> (0x0000000083ae9680) 
thrown [s\open\src\hotspot\share\prims\jni.cpp, line 1107]
Event: 4.237 Thread 0x0000029885e21970 Exception <a 'java/lang/NoSuchMethodError'{0x0000000083909f40}: static Lorg/gradle/internal/build/event/types/DefaultProjectConfigurationDescriptor;.<clinit>()V> (0x0000000083909f40) 
thrown [s\open\src\hotspot\share\prims\jni.cpp, line 1107]
Event: 4.238 Thread 0x0000029885e21970 Exception <a 'java/lang/NoSuchMethodError'{0x000000008390c268}: static Lorg/gradle/internal/build/event/types/DefaultOperationDescriptor;.<clinit>()V> (0x000000008390c268) 
thrown [s\open\src\hotspot\share\prims\jni.cpp, line 1107]
Event: 4.239 Thread 0x0000029885e21970 Exception <a 'java/lang/NoSuchMethodError'{0x000000008398e338}: static Lorg/gradle/internal/operations/OperationIdentifier;.<clinit>()V> (0x000000008398e338) 
thrown [s\open\src\hotspot\share\prims\jni.cpp, line 1107]

VM Operations (20 events):
Event: 3.642 Executing VM operation: HandshakeAllThreads done
Event: 3.698 Executing VM operation: ICBufferFull
Event: 3.698 Executing VM operation: ICBufferFull done
Event: 3.706 Executing VM operation: HandshakeAllThreads
Event: 3.706 Executing VM operation: HandshakeAllThreads done
Event: 3.733 Executing VM operation: G1CollectForAllocation
Event: 3.739 Executing VM operation: G1CollectForAllocation done
Event: 3.742 Executing VM operation: G1CollectForAllocation
Event: 3.749 Executing VM operation: G1CollectForAllocation done
Event: 4.006 Executing VM operation: G1CollectForAllocation
Event: 4.010 Executing VM operation: G1CollectForAllocation done
Event: 4.183 Executing VM operation: HandshakeAllThreads
Event: 4.183 Executing VM operation: HandshakeAllThreads done
Event: 4.217 Executing VM operation: ICBufferFull
Event: 4.217 Executing VM operation: ICBufferFull done
Event: 4.220 Executing VM operation: HandshakeAllThreads
Event: 4.220 Executing VM operation: HandshakeAllThreads done
Event: 4.341 Executing VM operation: HandshakeAllThreads
Event: 4.342 Executing VM operation: HandshakeAllThreads done
Event: 4.360 Executing VM operation: G1CollectForAllocation

Events (20 events):
Event: 4.235 loading class java/io/ObjectStreamClass$FieldReflector
Event: 4.235 loading class java/io/ObjectStreamClass$FieldReflector done
Event: 4.235 loading class java/io/ObjectStreamClass$1
Event: 4.235 loading class java/io/ObjectStreamClass$1 done
Event: 4.235 loading class java/io/ObjectStreamClass$MemberSignature
Event: 4.235 loading class java/io/ObjectStreamClass$MemberSignature done
Event: 4.235 loading class java/io/ObjectStreamClass$3
Event: 4.235 loading class java/io/ObjectStreamClass$3 done
Event: 4.235 loading class java/io/ObjectStreamClass$4
Event: 4.236 loading class java/io/ObjectStreamClass$4 done
Event: 4.236 loading class java/io/ObjectStreamClass$5
Event: 4.236 loading class java/io/ObjectStreamClass$5 done
Event: 4.236 loading class java/io/ObjectStreamClass$ClassDataSlot
Event: 4.236 loading class java/io/ObjectStreamClass$ClassDataSlot done
Event: 4.238 loading class jdk/internal/reflect/UnsafeQualifiedStaticLongFieldAccessorImpl
Event: 4.238 loading class jdk/internal/reflect/UnsafeQualifiedStaticLongFieldAccessorImpl done
Event: 4.240 loading class java/io/SerialCallbackContext
Event: 4.241 loading class java/io/SerialCallbackContext done
Event: 4.288 loading class java/util/DualPivotQuicksort
Event: 4.289 loading class java/util/DualPivotQuicksort done


Dynamic libraries:
0x00007ff7bc5f0000 - 0x00007ff7bc600000 	C:\Program Files\Java\jdk-17.0.4\bin\java.exe
0x00007ffb60810000 - 0x00007ffb60a27000 	C:\WINDOWS\SYSTEM32\ntdll.dll
0x00007ffb5ed00000 - 0x00007ffb5edc4000 	C:\WINDOWS\System32\KERNEL32.DLL
0x00007ffb5dfa0000 - 0x00007ffb5e345000 	C:\WINDOWS\System32\KERNELBASE.dll
0x00007ffb5e440000 - 0x00007ffb5e551000 	C:\WINDOWS\System32\ucrtbase.dll
0x00007ffb534d0000 - 0x00007ffb534ea000 	C:\Program Files\Java\jdk-17.0.4\bin\VCRUNTIME140.dll
0x00007ffb4e4d0000 - 0x00007ffb4e4e8000 	C:\Program Files\Java\jdk-17.0.4\bin\jli.dll
0x00007ffb60710000 - 0x00007ffb607c1000 	C:\WINDOWS\System32\ADVAPI32.dll
0x00007ffb5f800000 - 0x00007ffb5f8a7000 	C:\WINDOWS\System32\msvcrt.dll
0x00007ffb5f740000 - 0x00007ffb5f7e6000 	C:\WINDOWS\System32\sechost.dll
0x00007ffb5fdf0000 - 0x00007ffb5ff07000 	C:\WINDOWS\System32\RPCRT4.dll
0x00007ffb5f8b0000 - 0x00007ffb5fa5e000 	C:\WINDOWS\System32\USER32.dll
0x00007ffb5e350000 - 0x00007ffb5e376000 	C:\WINDOWS\System32\win32u.dll
0x00007ffb40480000 - 0x00007ffb40713000 	C:\WINDOWS\WinSxS\amd64_microsoft.windows.common-controls_6595b64144ccf1df_6.0.22621.2506_none_270c5ae97388e100\COMCTL32.dll
0x00007ffb5ec40000 - 0x00007ffb5ec69000 	C:\WINDOWS\System32\GDI32.dll
0x00007ffb5dc00000 - 0x00007ffb5dd19000 	C:\WINDOWS\System32\gdi32full.dll
0x00007ffb5dd20000 - 0x00007ffb5ddba000 	C:\WINDOWS\System32\msvcp_win.dll
0x00007ffb56a70000 - 0x00007ffb56a7a000 	C:\WINDOWS\SYSTEM32\VERSION.dll
0x00007ffb5f630000 - 0x00007ffb5f661000 	C:\WINDOWS\System32\IMM32.DLL
0x00007ffb58a80000 - 0x00007ffb58a8c000 	C:\Program Files\Java\jdk-17.0.4\bin\vcruntime140_1.dll
0x00007ffb41460000 - 0x00007ffb414ed000 	C:\Program Files\Java\jdk-17.0.4\bin\msvcp140.dll
0x00007ffb14df0000 - 0x00007ffb159b2000 	C:\Program Files\Java\jdk-17.0.4\bin\server\jvm.dll
0x00007ffb5f7f0000 - 0x00007ffb5f7f8000 	C:\WINDOWS\System32\PSAPI.DLL
0x00007ffb55d80000 - 0x00007ffb55db4000 	C:\WINDOWS\SYSTEM32\WINMM.dll
0x00007ffb41870000 - 0x00007ffb41879000 	C:\WINDOWS\SYSTEM32\WSOCK32.dll
0x00007ffb60160000 - 0x00007ffb601d1000 	C:\WINDOWS\System32\WS2_32.dll
0x00007ffb5caa0000 - 0x00007ffb5cab8000 	C:\WINDOWS\SYSTEM32\kernel.appcore.dll
0x00007ffb578b0000 - 0x00007ffb578ba000 	C:\Program Files\Java\jdk-17.0.4\bin\jimage.dll
0x00007ffb5b330000 - 0x00007ffb5b563000 	C:\WINDOWS\SYSTEM32\DBGHELP.DLL
0x00007ffb60380000 - 0x00007ffb60709000 	C:\WINDOWS\System32\combase.dll
0x00007ffb5fbc0000 - 0x00007ffb5fc97000 	C:\WINDOWS\System32\OLEAUT32.dll
0x00007ffb319b0000 - 0x00007ffb319e2000 	C:\WINDOWS\SYSTEM32\dbgcore.DLL
0x00007ffb5db80000 - 0x00007ffb5dbfa000 	C:\WINDOWS\System32\bcryptPrimitives.dll
0x00007ffb46f40000 - 0x00007ffb46f65000 	C:\Program Files\Java\jdk-17.0.4\bin\java.dll
0x00007ffb19070000 - 0x00007ffb19146000 	C:\Program Files\Java\jdk-17.0.4\bin\jsvml.dll
0x00007ffb5edd0000 - 0x00007ffb5f629000 	C:\WINDOWS\System32\SHELL32.dll
0x00007ffb5ba50000 - 0x00007ffb5c344000 	C:\WINDOWS\SYSTEM32\windows.storage.dll
0x00007ffb5b910000 - 0x00007ffb5ba4e000 	C:\WINDOWS\SYSTEM32\wintypes.dll
0x00007ffb5ff10000 - 0x00007ffb60003000 	C:\WINDOWS\System32\SHCORE.dll
0x00007ffb5fca0000 - 0x00007ffb5fcfe000 	C:\WINDOWS\System32\shlwapi.dll
0x00007ffb5dab0000 - 0x00007ffb5dad6000 	C:\WINDOWS\SYSTEM32\profapi.dll
0x00007ffb4e4b0000 - 0x00007ffb4e4c9000 	C:\Program Files\Java\jdk-17.0.4\bin\net.dll
0x00007ffb57310000 - 0x00007ffb57447000 	C:\WINDOWS\SYSTEM32\WINHTTP.dll
0x00007ffb5cfc0000 - 0x00007ffb5d029000 	C:\WINDOWS\system32\mswsock.dll
0x00007ffb4e420000 - 0x00007ffb4e436000 	C:\Program Files\Java\jdk-17.0.4\bin\nio.dll
0x00007ffb45c60000 - 0x00007ffb45c78000 	C:\Program Files\Java\jdk-17.0.4\bin\zip.dll
0x00007ffb55dc0000 - 0x00007ffb55dd0000 	C:\Program Files\Java\jdk-17.0.4\bin\verify.dll
0x00007ffb54ee0000 - 0x00007ffb54f07000 	C:\Users\USER\.gradle\native\68d5fa5c4cc2d200863cafc0d521ce42e7d3e7ee720ec0a83991735586a16f82\windows-amd64\native-platform.dll
0x00007ffb17af0000 - 0x00007ffb17c34000 	C:\Users\USER\.gradle\native\e376f236ea51e6404a007f0833ffe2c6e607c4080706a723a18a27aeea778392\windows-amd64\native-platform-file-events.dll
0x00007ffb534c0000 - 0x00007ffb534c9000 	C:\Program Files\Java\jdk-17.0.4\bin\management.dll
0x00007ffb45c50000 - 0x00007ffb45c5b000 	C:\Program Files\Java\jdk-17.0.4\bin\management_ext.dll
0x00007ffb5d250000 - 0x00007ffb5d26b000 	C:\WINDOWS\SYSTEM32\CRYPTSP.dll
0x00007ffb5cac0000 - 0x00007ffb5caf5000 	C:\WINDOWS\system32\rsaenh.dll
0x00007ffb5d0d0000 - 0x00007ffb5d0fc000 	C:\WINDOWS\SYSTEM32\USERENV.dll
0x00007ffb5d490000 - 0x00007ffb5d4b8000 	C:\WINDOWS\SYSTEM32\bcrypt.dll
0x00007ffb5d270000 - 0x00007ffb5d27c000 	C:\WINDOWS\SYSTEM32\CRYPTBASE.dll
0x00007ffb5c5b0000 - 0x00007ffb5c5dd000 	C:\WINDOWS\SYSTEM32\IPHLPAPI.DLL
0x00007ffb5fd00000 - 0x00007ffb5fd09000 	C:\WINDOWS\System32\NSI.dll
0x00007ffb56f80000 - 0x00007ffb56f99000 	C:\WINDOWS\SYSTEM32\dhcpcsvc6.DLL
0x00007ffb56f60000 - 0x00007ffb56f7f000 	C:\WINDOWS\SYSTEM32\dhcpcsvc.DLL
0x00007ffb5c620000 - 0x00007ffb5c719000 	C:\WINDOWS\SYSTEM32\DNSAPI.dll
0x00007ffb45c40000 - 0x00007ffb45c4e000 	C:\Program Files\Java\jdk-17.0.4\bin\sunmscapi.dll
0x00007ffb5ddc0000 - 0x00007ffb5df26000 	C:\WINDOWS\System32\CRYPT32.dll
0x00007ffb5d460000 - 0x00007ffb5d48d000 	C:\WINDOWS\SYSTEM32\ncrypt.dll
0x00007ffb5d420000 - 0x00007ffb5d457000 	C:\WINDOWS\SYSTEM32\NTASN1.dll
0x00007ffafb760000 - 0x00007ffafb768000 	C:\WINDOWS\system32\wshunix.dll

dbghelp: loaded successfully - version: 4.0.5 - missing functions: none
symbol engine: initialized successfully - sym options: 0x614 - pdb path: .;C:\Program Files\Java\jdk-17.0.4\bin;C:\WINDOWS\SYSTEM32;C:\WINDOWS\WinSxS\amd64_microsoft.windows.common-controls_6595b64144ccf1df_6.0.22621.2506_none_270c5ae97388e100;C:\Program Files\Java\jdk-17.0.4\bin\server;C:\Users\USER\.gradle\native\68d5fa5c4cc2d200863cafc0d521ce42e7d3e7ee720ec0a83991735586a16f82\windows-amd64;C:\Users\USER\.gradle\native\e376f236ea51e6404a007f0833ffe2c6e607c4080706a723a18a27aeea778392\windows-amd64

VM Arguments:
jvm_args: --add-opens=java.base/java.util=ALL-UNNAMED --add-opens=java.base/java.lang=ALL-UNNAMED --add-opens=java.base/java.lang.invoke=ALL-UNNAMED --add-opens=java.prefs/java.util.prefs=ALL-UNNAMED --add-opens=java.base/java.nio.charset=ALL-UNNAMED --add-opens=java.base/java.net=ALL-UNNAMED --add-opens=java.base/java.util.concurrent.atomic=ALL-UNNAMED -Xmx2048m -Dfile.encoding=UTF-8 -Duser.country=US -Duser.language=en -Duser.variant 
java_command: org.gradle.launcher.daemon.bootstrap.GradleDaemon 8.0
java_class_path (initial): C:\Users\USER\.gradle\wrapper\dists\gradle-8.0-bin\ca5e32bp14vu59qr306oxotwh\gradle-8.0\lib\gradle-launcher-8.0.jar
Launcher Type: SUN_STANDARD

[Global flags]
     intx CICompilerCount                          = 4                                         {product} {ergonomic}
     uint ConcGCThreads                            = 2                                         {product} {ergonomic}
     uint G1ConcRefinementThreads                  = 8                                         {product} {ergonomic}
   size_t G1HeapRegionSize                         = 1048576                                   {product} {ergonomic}
    uintx GCDrainStackTargetSize                   = 64                                        {product} {ergonomic}
   size_t InitialHeapSize                          = 130023424                                 {product} {ergonomic}
   size_t MarkStackSize                            = 4194304                                   {product} {ergonomic}
   size_t MaxHeapSize                              = 2147483648                                {product} {command line}
   size_t MaxNewSize                               = 1287651328                                {product} {ergonomic}
   size_t MinHeapDeltaBytes                        = 1048576                                   {product} {ergonomic}
   size_t MinHeapSize                              = 8388608                                   {product} {ergonomic}
    uintx NonNMethodCodeHeapSize                   = 5839372                                {pd product} {ergonomic}
    uintx NonProfiledCodeHeapSize                  = 122909434                              {pd product} {ergonomic}
    uintx ProfiledCodeHeapSize                     = 122909434                              {pd product} {ergonomic}
    uintx ReservedCodeCacheSize                    = 251658240                              {pd product} {ergonomic}
     bool SegmentedCodeCache                       = true                                      {product} {ergonomic}
   size_t SoftMaxHeapSize                          = 2147483648                             {manageable} {ergonomic}
     bool UseCompressedClassPointers               = true                           {product lp64_product} {ergonomic}
     bool UseCompressedOops                        = true                           {product lp64_product} {ergonomic}
     bool UseG1GC                                  = true                                      {product} {ergonomic}
     bool UseLargePagesIndividualAllocation        = false                                  {pd product} {ergonomic}

Logging:
Log output configuration:
 #0: stdout all=warning uptime,level,tags
 #1: stderr all=off uptime,level,tags

Environment Variables:
PATH=D:\app\USER\product\21c\dbhomeXE\bin;C:\oraclexe\app\oracle\product\11.2.0\server\bin;C:\Program Files\Common Files\Oracle\Java\javapath;C:\WINDOWS\system32;C:\WINDOWS;C:\WINDOWS\System32\Wbem;C:\WINDOWS\System32\WindowsPowerShell\v1.0\;C:\WINDOWS\System32\OpenSSH\;C:\msys64\mingw64\bin;C:\Program Files\Java\jdk-17.0.4\bin;C:\Program Files\Git\cmd;C:\Program Files\Microsoft SQL Server\Client SDK\ODBC\170\Tools\Binn\;C:\Program Files\dotnet\;C:\Program Files (x86)\GnuWin32\bin;C:\Program Files\Cloudflare\Cloudflare WARP\;C:\Users\USER\AppData\Local\Microsoft\WindowsApps;C:\Users\USER\AppData\Local\Programs\Microsoft VS Code\bin;C:\Program Files\Azure Data Studio\bin;C:\Users\USER\.dotnet\tools;C:\Users\USER\AppData\Roaming\Composer\vendor\bin
USERNAME=USER
OS=Windows_NT
PROCESSOR_IDENTIFIER=Intel64 Family 6 Model 140 Stepping 1, GenuineIntel



---------------  S Y S T E M  ---------------

OS:
 Windows 11 , 64 bit Build 22621 (10.0.22621.2506)
OS uptime: 0 days 7:47 hours
Hyper-V role detected

CPU: total 8 (initial active 8) (4 cores per cpu, 2 threads per core) family 6 model 140 stepping 1 microcode 0xa6, cx8, cmov, fxsr, ht, mmx, 3dnowpref, sse, sse2, sse3, ssse3, sse4.1, sse4.2, popcnt, lzcnt, tsc, tscinvbit, avx, avx2, aes, erms, clmul, bmi1, bmi2, adx, avx512f, avx512dq, avx512cd, avx512bw, avx512vl, sha, fma, vzeroupper, avx512_vpopcntdq, avx512_vpclmulqdq, avx512_vaes, avx512_vnni, clflush, clflushopt, clwb, avx512_vbmi2, avx512_vbmi, hv

Memory: 4k page, system-wide physical 7886M (337M free)
TotalPageFile size 9934M (AvailPageFile size 54M)
current process WorkingSet (physical memory assigned to process): 231M, peak: 231M
current process commit charge ("private bytes"): 320M, peak: 379M

vm_info: Java HotSpot(TM) 64-Bit Server VM (17.0.4+11-LTS-179) for windows-amd64 JRE (17.0.4+11-LTS-179), built on Jun 28 2022 08:23:05 by "mach5one" with MS VC++ 16.8 / 16.9 (VS2019)

END.
